
> api@0.1.0 build C:\Users\admin\Documents\Projects\ivo-tech.com\ivo-tech-web\apps\api
> next build

   Skipping validation of types
   Skipping linting
   Creating an optimized production build ...
 ✓ Compiled successfully
   Collecting page data ...
   Generating static pages (0/3) ...
 ✓ Generating static pages (3/3) 
   Finalizing page optimization ...
   Collecting build traces ...

Route (pages)                              Size     First Load JS
┌ ○ /                                      663 B          79.9 kB
├   /_app                                  0 B            79.2 kB
├ ○ /404                                   179 B          79.4 kB
└ λ /api/trpc/[trpc]                       0 B            79.2 kB
+ First Load JS shared by all              79.2 kB
  ├ chunks/framework-3ffad089333fa3b3.js   45.4 kB
  ├ chunks/main-9dbe2dfac1eaef85.js        32.9 kB
  ├ chunks/pages/_app-83158e72e087e2fc.js  286 B
  └ chunks/webpack-7d45971437c161ca.js     728 B

λ  (Server)  server-side renders at runtime (uses getInitialProps or getServerSideProps)
○  (Static)  automatically rendered as static HTML (uses no initial props)

